0 info it worked if it ends with ok
1 verbose cli [ '/Users/thomasjeanneau/.nvm/versions/node/v7.7.3/bin/node',
1 verbose cli   '/Users/thomasjeanneau/.nvm/versions/node/v7.7.3/bin/npm',
1 verbose cli   'run',
1 verbose cli   'start' ]
2 info using npm@4.1.2
3 info using node@v7.7.3
4 verbose run-script [ 'prestart', 'start', 'poststart' ]
5 info lifecycle nightmare-api@1.0.0~prestart: nightmare-api@1.0.0
6 silly lifecycle nightmare-api@1.0.0~prestart: no script for prestart, continuing
7 info lifecycle nightmare-api@1.0.0~start: nightmare-api@1.0.0
8 verbose lifecycle nightmare-api@1.0.0~start: unsafe-perm in lifecycle true
9 verbose lifecycle nightmare-api@1.0.0~start: PATH: /Users/thomasjeanneau/.nvm/versions/node/v7.7.3/lib/node_modules/npm/bin/node-gyp-bin:/Users/thomasjeanneau/Codes/nightmare-api/node_modules/.bin:/Users/thomasjeanneau/.nvm/versions/node/v7.7.3/bin:/usr/local/bin:/usr/bin:/bin:/usr/sbin:/sbin
10 verbose lifecycle nightmare-api@1.0.0~start: CWD: /Users/thomasjeanneau/Codes/nightmare-api
11 silly lifecycle nightmare-api@1.0.0~start: Args: [ '-c', 'babel-node index.js' ]
12 silly lifecycle nightmare-api@1.0.0~start: Returned: code: 1  signal: null
13 info lifecycle nightmare-api@1.0.0~start: Failed to exec start script
14 verbose stack Error: nightmare-api@1.0.0 start: `babel-node index.js`
14 verbose stack Exit status 1
14 verbose stack     at EventEmitter.<anonymous> (/Users/thomasjeanneau/.nvm/versions/node/v7.7.3/lib/node_modules/npm/lib/utils/lifecycle.js:279:16)
14 verbose stack     at emitTwo (events.js:106:13)
14 verbose stack     at EventEmitter.emit (events.js:194:7)
14 verbose stack     at ChildProcess.<anonymous> (/Users/thomasjeanneau/.nvm/versions/node/v7.7.3/lib/node_modules/npm/lib/utils/spawn.js:40:14)
14 verbose stack     at emitTwo (events.js:106:13)
14 verbose stack     at ChildProcess.emit (events.js:194:7)
14 verbose stack     at maybeClose (internal/child_process.js:899:16)
14 verbose stack     at Process.ChildProcess._handle.onexit (internal/child_process.js:226:5)
15 verbose pkgid nightmare-api@1.0.0
16 verbose cwd /Users/thomasjeanneau/Codes/nightmare-api
17 error Darwin 16.4.0
18 error argv "/Users/thomasjeanneau/.nvm/versions/node/v7.7.3/bin/node" "/Users/thomasjeanneau/.nvm/versions/node/v7.7.3/bin/npm" "run" "start"
19 error node v7.7.3
20 error npm  v4.1.2
21 error code ELIFECYCLE
22 error nightmare-api@1.0.0 start: `babel-node index.js`
22 error Exit status 1
23 error Failed at the nightmare-api@1.0.0 start script 'babel-node index.js'.
23 error Make sure you have the latest version of node.js and npm installed.
23 error If you do, this is most likely a problem with the nightmare-api package,
23 error not with npm itself.
23 error Tell the author that this fails on your system:
23 error     babel-node index.js
23 error You can get information on how to open an issue for this project with:
23 error     npm bugs nightmare-api
23 error Or if that isn't available, you can get their info via:
23 error     npm owner ls nightmare-api
23 error There is likely additional logging output above.
24 verbose exit [ 1, true ]
